Using pre-set license
Built from '2020.3/staging' branch; Version is '2020.3.8f1 (507919d4fff5) revision 5273881'; Using compiler version '192528614'; Build Type 'Release'
OS: 'Windows 10 Home Single Language; OS build 19042.1237; Version 2009; 64bit' Language: 'ru' Physical Memory: 16227 MB
BatchMode: 1, IsHumanControllingUs: 0, StartBugReporterOnCrash: 0, Is64bit: 1, IsPro: 0

 COMMAND LINE ARGUMENTS:
C:\Program Files\Unity\Hub\Editor\2020.3.8f1\Editor\Unity.exe
-adb2
-batchMode
-noUpm
-name
AssetImportWorker0
-projectPath
D:/Unity/Заказы на разработку/ParkourBlock/Parkour Block
-logFile
Logs/AssetImportWorker0.log
-srvPort
63056
Successfully changed project path to: D:/Unity/Заказы на разработку/ParkourBlock/Parkour Block
D:/Unity/Заказы на разработку/ParkourBlock/Parkour Block
Using Asset Import Pipeline V2.
Refreshing native plugins compatible for Editor in 22.31 ms, found 0 plugins.
Preloading 0 native plugins for Editor in 0.00 ms.
Initialize engine version: 2020.3.8f1 (507919d4fff5)
[Subsystems] Discovering subsystems at path C:/Program Files/Unity/Hub/Editor/2020.3.8f1/Editor/Data/Resources/UnitySubsystems
[Subsystems] Discovering subsystems at path D:/Unity/Заказы на разработку/ParkourBlock/Parkour Block/Assets
GfxDevice: creating device client; threaded=0
Direct3D:
    Version:  Direct3D 11.0 [level 11.1]
    Renderer: NVIDIA GeForce GTX 1650 Ti (ID=0x1f95)
    Vendor:   
    VRAM:     3962 MB
    Driver:   27.21.14.6172
Initialize mono
Mono path[0] = 'C:/Program Files/Unity/Hub/Editor/2020.3.8f1/Editor/Data/Managed'
Mono path[1] = 'C:/Program Files/Unity/Hub/Editor/2020.3.8f1/Editor/Data/MonoBleedingEdge/lib/mono/unityjit'
Mono config path = 'C:/Program Files/Unity/Hub/Editor/2020.3.8f1/Editor/Data/MonoBleedingEdge/etc'
Using monoOptions --debugger-agent=transport=dt_socket,embedding=1,server=y,suspend=n,address=127.0.0.1:56060
Begin MonoManager ReloadAssembly
Registering precompiled unity dll's ...
Register platform support module: C:/Program Files/Unity/Hub/Editor/2020.3.8f1/Editor/Data/PlaybackEngines/WindowsStandaloneSupport/UnityEditor.WindowsStandalone.Extensions.dll
Registered in 0.001680 seconds.
Native extension for WindowsStandalone target not found
Refreshing native plugins compatible for Editor in 24.43 ms, found 0 plugins.
Preloading 0 native plugins for Editor in 0.00 ms.
Mono: successfully reloaded assembly
- Completed reload, in  1.880 seconds
Platform modules already initialized, skipping
Registering precompiled user dll's ...
Registered in 0.000410 seconds.
Begin MonoManager ReloadAssembly
Native extension for WindowsStandalone target not found
Refreshing native plugins compatible for Editor in 0.19 ms, found 0 plugins.
Preloading 0 native plugins for Editor in 0.00 ms.
Mono: successfully reloaded assembly
- Completed reload, in  0.860 seconds
Platform modules already initialized, skipping
========================================================================
Worker process is ready to serve import requests
Launched and connected shader compiler UnityShaderCompiler.exe after 0.05 seconds
Refreshing native plugins compatible for Editor in 0.21 ms, found 0 plugins.
Preloading 0 native plugins for Editor in 0.00 ms.
Unloading 1127 Unused Serialized files (Serialized files now loaded: 0)
System memory in use before: 58.7 MB.
System memory in use after: 58.7 MB.

Unloading 10 unused Assets to reduce memory usage. Loaded Objects now: 1573.
Total: 2.463600 ms (FindLiveObjects: 0.127400 ms CreateObjectMapping: 0.055600 ms MarkObjects: 2.181400 ms  DeleteObjects: 0.097800 ms)

========================================================================
Received Import Request.
  path: Assets/Scenes/LvL2.unity
  artifactKey: Guid(bd4b652bb64f05a4a86037b4ccf99760) Importer(815301076,1909f56bfc062723c751e8b465ee728b)
Start importing Assets/Scenes/LvL2.unity using Guid(bd4b652bb64f05a4a86037b4ccf99760) Importer(815301076,1909f56bfc062723c751e8b465ee728b)  -> (artifact id: '18b02a5177ba6362a92382ae19c66096') in 0.016354 seconds
  Import took 0.020147 seconds .

========================================================================
Received Import Request.
  Time since last request: 2.527614 seconds.
  path: Assets/Scenes/LvL3.unity
  artifactKey: Guid(9a3f93af2534e6144a517891990eb597) Importer(815301076,1909f56bfc062723c751e8b465ee728b)
Start importing Assets/Scenes/LvL3.unity using Guid(9a3f93af2534e6144a517891990eb597) Importer(815301076,1909f56bfc062723c751e8b465ee728b)  -> (artifact id: '26df4b9a9730ce6eb04eb3c14ab8f553') in 0.002648 seconds
  Import took 0.005078 seconds .

========================================================================
Received Import Request.
  Time since last request: 0.984150 seconds.
  path: Assets/Scenes/Lvl4.unity
  artifactKey: Guid(b811a050c970e714aa8c42cbc5da6ad2) Importer(815301076,1909f56bfc062723c751e8b465ee728b)
Start importing Assets/Scenes/Lvl4.unity using Guid(b811a050c970e714aa8c42cbc5da6ad2) Importer(815301076,1909f56bfc062723c751e8b465ee728b)  -> (artifact id: 'f16535256e6c7478f929ebed89db1703') in 0.002401 seconds
  Import took 0.004298 seconds .

========================================================================
Received Import Request.
  Time since last request: 1.090863 seconds.
  path: Assets/Scenes/Main.unity
  artifactKey: Guid(c6f5e4ced4dc2444db89f6a8d1e00567) Importer(815301076,1909f56bfc062723c751e8b465ee728b)
Start importing Assets/Scenes/Main.unity using Guid(c6f5e4ced4dc2444db89f6a8d1e00567) Importer(815301076,1909f56bfc062723c751e8b465ee728b)  -> (artifact id: '3ab7ce4a52c124b64096c2eafccd540b') in 0.002536 seconds
  Import took 0.032913 seconds .

AssetImportWorkerClient::OnTransportError - code=2 error=End of file
